{"A:\\sweetshop\\Sweet-Shop\\Sweet-Shop\\server\\src\\controllers\\auth.controller.js": {"path":"A:\\sweetshop\\Sweet-Shop\\Sweet-Shop\\server\\src\\controllers\\auth.controller.js","statementMap":{"0":{"start":{"line":3,"column":24},"end":{"line":3,"column":52}},"1":{"start":{"line":4,"column":13},"end":{"line":4,"column":38}},"2":{"start":{"line":5,"column":66},"end":{"line":5,"column":92}},"3":{"start":{"line":6,"column":16},"end":{"line":6,"column":37}},"4":{"start":{"line":9,"column":2},"end":{"line":15,"column":4}},"5":{"start":{"line":18,"column":17},"end":{"line":64,"column":1}},"6":{"start":{"line":19,"column":2},"end":{"line":19,"column":47}},"7":{"start":{"line":20,"column":36},"end":{"line":20,"column":44}},"8":{"start":{"line":21,"column":2},"end":{"line":21,"column":94}},"9":{"start":{"line":23,"column":2},"end":{"line":26,"column":3}},"10":{"start":{"line":24,"column":4},"end":{"line":24,"column":48}},"11":{"start":{"line":25,"column":4},"end":{"line":25,"column":83}},"12":{"start":{"line":28,"column":2},"end":{"line":28,"column":59}},"13":{"start":{"line":29,"column":17},"end":{"line":29,"column":46}},"14":{"start":{"line":30,"column":2},"end":{"line":33,"column":3}},"15":{"start":{"line":31,"column":4},"end":{"line":31,"column":59}},"16":{"start":{"line":32,"column":4},"end":{"line":32,"column":86}},"17":{"start":{"line":35,"column":2},"end":{"line":35,"column":51}},"18":{"start":{"line":36,"column":15},"end":{"line":36,"column":73}},"19":{"start":{"line":37,"column":2},"end":{"line":37,"column":56}},"20":{"start":{"line":39,"column":2},"end":{"line":39,"column":50}},"21":{"start":{"line":40,"column":22},"end":{"line":40,"column":72}},"22":{"start":{"line":41,"column":2},"end":{"line":41,"column":79}},"23":{"start":{"line":43,"column":2},"end":{"line":43,"column":51}},"24":{"start":{"line":44,"column":23},"end":{"line":44,"column":57}},"25":{"start":{"line":45,"column":2},"end":{"line":45,"column":81}},"26":{"start":{"line":47,"column":2},"end":{"line":47,"column":35}},"27":{"start":{"line":48,"column":2},"end":{"line":48,"column":20}},"28":{"start":{"line":49,"column":2},"end":{"line":49,"column":55}},"29":{"start":{"line":51,"column":2},"end":{"line":51,"column":54}},"30":{"start":{"line":52,"column":2},"end":{"line":59,"column":7}},"31":{"start":{"line":61,"column":2},"end":{"line":61,"column":65}},"32":{"start":{"line":62,"column":2},"end":{"line":62,"column":77}},"33":{"start":{"line":63,"column":2},"end":{"line":63,"column":58}},"34":{"start":{"line":66,"column":14},"end":{"line":147,"column":1}},"35":{"start":{"line":67,"column":2},"end":{"line":67,"column":44}},"36":{"start":{"line":68,"column":30},"end":{"line":68,"column":38}},"37":{"start":{"line":69,"column":2},"end":{"line":69,"column":88}},"38":{"start":{"line":71,"column":2},"end":{"line":74,"column":3}},"39":{"start":{"line":72,"column":4},"end":{"line":72,"column":50}},"40":{"start":{"line":73,"column":4},"end":{"line":73,"column":83}},"41":{"start":{"line":76,"column":2},"end":{"line":76,"column":49}},"42":{"start":{"line":77,"column":15},"end":{"line":77,"column":44}},"43":{"start":{"line":78,"column":2},"end":{"line":81,"column":3}},"44":{"start":{"line":79,"column":4},"end":{"line":79,"column":49}},"45":{"start":{"line":80,"column":4},"end":{"line":80,"column":89}},"46":{"start":{"line":82,"column":2},"end":{"line":82,"column":74}},"47":{"start":{"line":83,"column":2},"end":{"line":83,"column":45}},"48":{"start":{"line":84,"column":2},"end":{"line":84,"column":51}},"49":{"start":{"line":85,"column":2},"end":{"line":85,"column":60}},"50":{"start":{"line":86,"column":17},"end":{"line":86,"column":36}},"51":{"start":{"line":87,"column":16},"end":{"line":87,"column":61}},"52":{"start":{"line":88,"column":2},"end":{"line":88,"column":55}},"53":{"start":{"line":89,"column":2},"end":{"line":92,"column":3}},"54":{"start":{"line":90,"column":4},"end":{"line":90,"column":56}},"55":{"start":{"line":91,"column":4},"end":{"line":91,"column":89}},"56":{"start":{"line":93,"column":2},"end":{"line":93,"column":40}},"57":{"start":{"line":95,"column":2},"end":{"line":95,"column":50}},"58":{"start":{"line":96,"column":22},"end":{"line":96,"column":72}},"59":{"start":{"line":97,"column":2},"end":{"line":97,"column":77}},"60":{"start":{"line":98,"column":2},"end":{"line":98,"column":44}},"61":{"start":{"line":99,"column":2},"end":{"line":104,"column":3}},"62":{"start":{"line":100,"column":23},"end":{"line":100,"column":66}},"63":{"start":{"line":101,"column":4},"end":{"line":101,"column":54}},"64":{"start":{"line":103,"column":4},"end":{"line":103,"column":54}},"65":{"start":{"line":105,"column":2},"end":{"line":105,"column":67}},"66":{"start":{"line":106,"column":2},"end":{"line":106,"column":64}},"67":{"start":{"line":107,"column":2},"end":{"line":107,"column":77}},"68":{"start":{"line":109,"column":2},"end":{"line":109,"column":51}},"69":{"start":{"line":110,"column":23},"end":{"line":110,"column":57}},"70":{"start":{"line":111,"column":2},"end":{"line":111,"column":45}},"71":{"start":{"line":112,"column":2},"end":{"line":112,"column":51}},"72":{"start":{"line":113,"column":2},"end":{"line":113,"column":74}},"73":{"start":{"line":114,"column":2},"end":{"line":114,"column":71}},"74":{"start":{"line":116,"column":2},"end":{"line":116,"column":35}},"75":{"start":{"line":117,"column":2},"end":{"line":117,"column":20}},"76":{"start":{"line":118,"column":2},"end":{"line":118,"column":48}},"77":{"start":{"line":120,"column":2},"end":{"line":120,"column":55}},"78":{"start":{"line":121,"column":23},"end":{"line":124,"column":3}},"79":{"start":{"line":126,"column":2},"end":{"line":126,"column":40}},"80":{"start":{"line":127,"column":2},"end":{"line":127,"column":58}},"81":{"start":{"line":128,"column":2},"end":{"line":128,"column":62}},"82":{"start":{"line":129,"column":2},"end":{"line":129,"column":64}},"83":{"start":{"line":130,"column":2},"end":{"line":130,"column":62}},"84":{"start":{"line":131,"column":2},"end":{"line":131,"column":54}},"85":{"start":{"line":132,"column":2},"end":{"line":132,"column":68}},"86":{"start":{"line":134,"column":2},"end":{"line":137,"column":24}},"87":{"start":{"line":139,"column":2},"end":{"line":139,"column":36}},"88":{"start":{"line":140,"column":2},"end":{"line":140,"column":91}},"89":{"start":{"line":141,"column":2},"end":{"line":141,"column":92}},"90":{"start":{"line":142,"column":2},"end":{"line":142,"column":40}},"91":{"start":{"line":143,"column":2},"end":{"line":143,"column":39}},"92":{"start":{"line":144,"column":2},"end":{"line":144,"column":42}},"93":{"start":{"line":145,"column":2},"end":{"line":145,"column":41}},"94":{"start":{"line":146,"column":2},"end":{"line":146,"column":56}},"95":{"start":{"line":149,"column":15},"end":{"line":170,"column":1}},"96":{"start":{"line":150,"column":2},"end":{"line":150,"column":45}},"97":{"start":{"line":151,"column":23},"end":{"line":151,"column":63}},"98":{"start":{"line":152,"column":2},"end":{"line":152,"column":78}},"99":{"start":{"line":154,"column":2},"end":{"line":163,"column":3}},"100":{"start":{"line":155,"column":4},"end":{"line":155,"column":63}},"101":{"start":{"line":156,"column":17},"end":{"line":156,"column":53}},"102":{"start":{"line":157,"column":4},"end":{"line":162,"column":5}},"103":{"start":{"line":158,"column":6},"end":{"line":158,"column":52}},"104":{"start":{"line":159,"column":6},"end":{"line":159,"column":36}},"105":{"start":{"line":160,"column":6},"end":{"line":160,"column":24}},"106":{"start":{"line":161,"column":6},"end":{"line":161,"column":63}},"107":{"start":{"line":165,"column":2},"end":{"line":165,"column":34}},"108":{"start":{"line":166,"column":2},"end":{"line":166,"column":35}},"109":{"start":{"line":167,"column":2},"end":{"line":167,"column":39}},"110":{"start":{"line":168,"column":2},"end":{"line":168,"column":42}},"111":{"start":{"line":169,"column":2},"end":{"line":169,"column":38}},"112":{"start":{"line":172,"column":11},"end":{"line":194,"column":1}},"113":{"start":{"line":173,"column":2},"end":{"line":173,"column":47}},"114":{"start":{"line":174,"column":2},"end":{"line":177,"column":3}},"115":{"start":{"line":175,"column":4},"end":{"line":175,"column":51}},"116":{"start":{"line":176,"column":4},"end":{"line":176,"column":82}},"117":{"start":{"line":179,"column":15},"end":{"line":179,"column":47}},"118":{"start":{"line":180,"column":2},"end":{"line":183,"column":3}},"119":{"start":{"line":181,"column":4},"end":{"line":181,"column":39}},"120":{"start":{"line":182,"column":4},"end":{"line":182,"column":82}},"121":{"start":{"line":185,"column":2},"end":{"line":185,"column":71}},"122":{"start":{"line":186,"column":2},"end":{"line":193,"column":5}},"123":{"start":{"line":196,"column":16},"end":{"line":235,"column":1}},"124":{"start":{"line":197,"column":2},"end":{"line":197,"column":52}},"125":{"start":{"line":198,"column":16},"end":{"line":198,"column":56}},"126":{"start":{"line":199,"column":2},"end":{"line":199,"column":71}},"127":{"start":{"line":201,"column":2},"end":{"line":204,"column":3}},"128":{"start":{"line":202,"column":4},"end":{"line":202,"column":50}},"129":{"start":{"line":203,"column":4},"end":{"line":203,"column":91}},"130":{"start":{"line":206,"column":2},"end":{"line":234,"column":3}},"131":{"start":{"line":207,"column":4},"end":{"line":207,"column":52}},"132":{"start":{"line":208,"column":20},"end":{"line":208,"column":45}},"133":{"start":{"line":209,"column":4},"end":{"line":209,"column":66}},"134":{"start":{"line":211,"column":17},"end":{"line":211,"column":48}},"135":{"start":{"line":212,"column":4},"end":{"line":215,"column":5}},"136":{"start":{"line":213,"column":6},"end":{"line":213,"column":41}},"137":{"start":{"line":214,"column":6},"end":{"line":214,"column":93}},"138":{"start":{"line":217,"column":4},"end":{"line":220,"column":5}},"139":{"start":{"line":218,"column":6},"end":{"line":218,"column":49}},"140":{"start":{"line":219,"column":6},"end":{"line":219,"column":93}},"141":{"start":{"line":221,"column":4},"end":{"line":221,"column":63}},"142":{"start":{"line":223,"column":4},"end":{"line":223,"column":56}},"143":{"start":{"line":224,"column":24},"end":{"line":224,"column":74}},"144":{"start":{"line":225,"column":4},"end":{"line":225,"column":77}},"145":{"start":{"line":227,"column":4},"end":{"line":227,"column":92}},"146":{"start":{"line":228,"column":4},"end":{"line":228,"column":53}},"147":{"start":{"line":229,"column":4},"end":{"line":229,"column":51}},"148":{"start":{"line":230,"column":4},"end":{"line":230,"column":37}},"149":{"start":{"line":232,"column":4},"end":{"line":232,"column":63}},"150":{"start":{"line":233,"column":4},"end":{"line":233,"column":91}},"151":{"start":{"line":237,"column":0},"end":{"line":237,"column":58}}},"fnMap":{"0":{"name":"cookieOptions","decl":{"start":{"line":8,"column":9},"end":{"line":8,"column":22}},"loc":{"start":{"line":8,"column":25},"end":{"line":16,"column":1}},"line":8},"1":{"name":"(anonymous_1)","decl":{"start":{"line":18,"column":17},"end":{"line":18,"column":18}},"loc":{"start":{"line":18,"column":37},"end":{"line":64,"column":1}},"line":18},"2":{"name":"(anonymous_2)","decl":{"start":{"line":66,"column":14},"end":{"line":66,"column":15}},"loc":{"start":{"line":66,"column":34},"end":{"line":147,"column":1}},"line":66},"3":{"name":"(anonymous_3)","decl":{"start":{"line":149,"column":15},"end":{"line":149,"column":16}},"loc":{"start":{"line":149,"column":35},"end":{"line":170,"column":1}},"line":149},"4":{"name":"(anonymous_4)","decl":{"start":{"line":172,"column":11},"end":{"line":172,"column":12}},"loc":{"start":{"line":172,"column":31},"end":{"line":194,"column":1}},"line":172},"5":{"name":"(anonymous_5)","decl":{"start":{"line":196,"column":16},"end":{"line":196,"column":17}},"loc":{"start":{"line":196,"column":36},"end":{"line":235,"column":1}},"line":196}},"branchMap":{"0":{"loc":{"start":{"line":13,"column":12},"end":{"line":13,"column":42}},"type":"binary-expr","locations":[{"start":{"line":13,"column":12},"end":{"line":13,"column":29}},{"start":{"line":13,"column":33},"end":{"line":13,"column":42}}],"line":13},"1":{"loc":{"start":{"line":21,"column":62},"end":{"line":21,"column":90}},"type":"cond-expr","locations":[{"start":{"line":21,"column":73},"end":{"line":21,"column":78}},{"start":{"line":21,"column":81},"end":{"line":21,"column":90}}],"line":21},"2":{"loc":{"start":{"line":23,"column":2},"end":{"line":26,"column":3}},"type":"if","locations":[{"start":{"line":23,"column":2},"end":{"line":26,"column":3}},{"start":{},"end":{}}],"line":23},"3":{"loc":{"start":{"line":23,"column":6},"end":{"line":23,"column":34}},"type":"binary-expr","locations":[{"start":{"line":23,"column":6},"end":{"line":23,"column":11}},{"start":{"line":23,"column":15},"end":{"line":23,"column":21}},{"start":{"line":23,"column":25},"end":{"line":23,"column":34}}],"line":23},"4":{"loc":{"start":{"line":30,"column":2},"end":{"line":33,"column":3}},"type":"if","locations":[{"start":{"line":30,"column":2},"end":{"line":33,"column":3}},{"start":{},"end":{}}],"line":30},"5":{"loc":{"start":{"line":69,"column":56},"end":{"line":69,"column":84}},"type":"cond-expr","locations":[{"start":{"line":69,"column":67},"end":{"line":69,"column":72}},{"start":{"line":69,"column":75},"end":{"line":69,"column":84}}],"line":69},"6":{"loc":{"start":{"line":71,"column":2},"end":{"line":74,"column":3}},"type":"if","locations":[{"start":{"line":71,"column":2},"end":{"line":74,"column":3}},{"start":{},"end":{}}],"line":71},"7":{"loc":{"start":{"line":71,"column":6},"end":{"line":71,"column":25}},"type":"binary-expr","locations":[{"start":{"line":71,"column":6},"end":{"line":71,"column":12}},{"start":{"line":71,"column":16},"end":{"line":71,"column":25}}],"line":71},"8":{"loc":{"start":{"line":78,"column":2},"end":{"line":81,"column":3}},"type":"if","locations":[{"start":{"line":78,"column":2},"end":{"line":81,"column":3}},{"start":{},"end":{}}],"line":78},"9":{"loc":{"start":{"line":89,"column":2},"end":{"line":92,"column":3}},"type":"if","locations":[{"start":{"line":89,"column":2},"end":{"line":92,"column":3}},{"start":{},"end":{}}],"line":89},"10":{"loc":{"start":{"line":151,"column":23},"end":{"line":151,"column":63}},"type":"binary-expr","locations":[{"start":{"line":151,"column":23},"end":{"line":151,"column":34}},{"start":{"line":151,"column":38},"end":{"line":151,"column":63}}],"line":151},"11":{"loc":{"start":{"line":152,"column":49},"end":{"line":152,"column":76}},"type":"cond-expr","locations":[{"start":{"line":152,"column":64},"end":{"line":152,"column":69}},{"start":{"line":152,"column":72},"end":{"line":152,"column":76}}],"line":152},"12":{"loc":{"start":{"line":154,"column":2},"end":{"line":163,"column":3}},"type":"if","locations":[{"start":{"line":154,"column":2},"end":{"line":163,"column":3}},{"start":{},"end":{}}],"line":154},"13":{"loc":{"start":{"line":157,"column":4},"end":{"line":162,"column":5}},"type":"if","locations":[{"start":{"line":157,"column":4},"end":{"line":162,"column":5}},{"start":{},"end":{}}],"line":157},"14":{"loc":{"start":{"line":174,"column":2},"end":{"line":177,"column":3}},"type":"if","locations":[{"start":{"line":174,"column":2},"end":{"line":177,"column":3}},{"start":{},"end":{}}],"line":174},"15":{"loc":{"start":{"line":180,"column":2},"end":{"line":183,"column":3}},"type":"if","locations":[{"start":{"line":180,"column":2},"end":{"line":183,"column":3}},{"start":{},"end":{}}],"line":180},"16":{"loc":{"start":{"line":198,"column":16},"end":{"line":198,"column":56}},"type":"binary-expr","locations":[{"start":{"line":198,"column":16},"end":{"line":198,"column":27}},{"start":{"line":198,"column":31},"end":{"line":198,"column":56}}],"line":198},"17":{"loc":{"start":{"line":199,"column":49},"end":{"line":199,"column":69}},"type":"cond-expr","locations":[{"start":{"line":199,"column":57},"end":{"line":199,"column":62}},{"start":{"line":199,"column":65},"end":{"line":199,"column":69}}],"line":199},"18":{"loc":{"start":{"line":201,"column":2},"end":{"line":204,"column":3}},"type":"if","locations":[{"start":{"line":201,"column":2},"end":{"line":204,"column":3}},{"start":{},"end":{}}],"line":201},"19":{"loc":{"start":{"line":212,"column":4},"end":{"line":215,"column":5}},"type":"if","locations":[{"start":{"line":212,"column":4},"end":{"line":215,"column":5}},{"start":{},"end":{}}],"line":212},"20":{"loc":{"start":{"line":217,"column":4},"end":{"line":220,"column":5}},"type":"if","locations":[{"start":{"line":217,"column":4},"end":{"line":220,"column":5}},{"start":{},"end":{}}],"line":217}},"s":{"0":1,"1":1,"2":1,"3":1,"4":3,"5":1,"6":5,"7":5,"8":5,"9":5,"10":3,"11":3,"12":2,"13":2,"14":2,"15":1,"16":1,"17":1,"18":1,"19":1,"20":1,"21":1,"22":1,"23":1,"24":1,"25":1,"26":1,"27":1,"28":1,"29":1,"30":1,"31":1,"32":1,"33":1,"34":1,"35":3,"36":3,"37":3,"38":3,"39":2,"40":2,"41":1,"42":1,"43":1,"44":1,"45":1,"46":0,"47":0,"48":0,"49":0,"50":0,"51":0,"52":0,"53":0,"54":0,"55":0,"56":0,"57":0,"58":0,"59":0,"60":0,"61":0,"62":0,"63":0,"64":0,"65":0,"66":0,"67":0,"68":0,"69":0,"70":0,"71":0,"72":0,"73":0,"74":0,"75":0,"76":0,"77":0,"78":0,"79":0,"80":0,"81":0,"82":0,"83":0,"84":0,"85":0,"86":0,"87":0,"88":0,"89":0,"90":0,"91":0,"92":0,"93":0,"94":0,"95":1,"96":2,"97":2,"98":2,"99":2,"100":1,"101":1,"102":1,"103":1,"104":1,"105":1,"106":1,"107":2,"108":2,"109":2,"110":2,"111":2,"112":1,"113":3,"114":3,"115":1,"116":1,"117":2,"118":2,"119":1,"120":1,"121":1,"122":1,"123":1,"124":3,"125":3,"126":3,"127":3,"128":1,"129":1,"130":2,"131":2,"132":2,"133":1,"134":1,"135":1,"136":0,"137":0,"138":1,"139":0,"140":0,"141":1,"142":1,"143":1,"144":1,"145":1,"146":1,"147":1,"148":1,"149":1,"150":1,"151":1},"f":{"0":3,"1":5,"2":3,"3":2,"4":3,"5":3},"b":{"0":[3,3],"1":[4,1],"2":[3,2],"3":[5,4,3],"4":[1,1],"5":[2,1],"6":[2,1],"7":[3,2],"8":[1,0],"9":[0,0],"10":[2,2],"11":[1,1],"12":[1,1],"13":[1,0],"14":[1,2],"15":[1,1],"16":[3,3],"17":[2,1],"18":[1,2],"19":[0,1],"20":[0,1]},"_coverageSchema":"1a1c01bbd47fc00a2c39e90264f33305004495a9","hash":"0bba776ed759b434f9cf079625440edb22fc43ef"}
,"A:\\sweetshop\\Sweet-Shop\\Sweet-Shop\\server\\src\\controllers\\sweets.controller.js": {"path":"A:\\sweetshop\\Sweet-Shop\\Sweet-Shop\\server\\src\\controllers\\sweets.controller.js","statementMap":{"0":{"start":{"line":3,"column":14},"end":{"line":3,"column":40}},"1":{"start":{"line":4,"column":24},"end":{"line":4,"column":52}},"2":{"start":{"line":6,"column":13},"end":{"line":34,"column":1}},"3":{"start":{"line":7,"column":2},"end":{"line":7,"column":45}},"4":{"start":{"line":8,"column":2},"end":{"line":33,"column":3}},"5":{"start":{"line":9,"column":4},"end":{"line":9,"column":61}},"6":{"start":{"line":10,"column":19},"end":{"line":10,"column":61}},"7":{"start":{"line":11,"column":4},"end":{"line":11,"column":66}},"8":{"start":{"line":14,"column":19},"end":{"line":26,"column":6}},"9":{"start":{"line":15,"column":21},"end":{"line":23,"column":7}},"10":{"start":{"line":24,"column":6},"end":{"line":24,"column":123}},"11":{"start":{"line":25,"column":6},"end":{"line":25,"column":20}},"12":{"start":{"line":28,"column":4},"end":{"line":28,"column":73}},"13":{"start":{"line":29,"column":4},"end":{"line":29,"column":21}},"14":{"start":{"line":31,"column":4},"end":{"line":31,"column":64}},"15":{"start":{"line":32,"column":4},"end":{"line":32,"column":93}},"16":{"start":{"line":36,"column":15},"end":{"line":97,"column":1}},"17":{"start":{"line":37,"column":2},"end":{"line":37,"column":46}},"18":{"start":{"line":38,"column":2},"end":{"line":38,"column":97}},"19":{"start":{"line":40,"column":66},"end":{"line":40,"column":74}},"20":{"start":{"line":41,"column":2},"end":{"line":41,"column":161}},"21":{"start":{"line":43,"column":2},"end":{"line":46,"column":3}},"22":{"start":{"line":44,"column":4},"end":{"line":44,"column":79}},"23":{"start":{"line":45,"column":4},"end":{"line":45,"column":114}},"24":{"start":{"line":49,"column":2},"end":{"line":52,"column":3}},"25":{"start":{"line":50,"column":4},"end":{"line":50,"column":67}},"26":{"start":{"line":51,"column":4},"end":{"line":51,"column":96}},"27":{"start":{"line":54,"column":2},"end":{"line":96,"column":3}},"28":{"start":{"line":55,"column":4},"end":{"line":55,"column":67}},"29":{"start":{"line":56,"column":19},"end":{"line":56,"column":48}},"30":{"start":{"line":57,"column":4},"end":{"line":60,"column":5}},"31":{"start":{"line":58,"column":6},"end":{"line":58,"column":68}},"32":{"start":{"line":59,"column":6},"end":{"line":59,"column":88}},"33":{"start":{"line":62,"column":4},"end":{"line":62,"column":53}},"34":{"start":{"line":63,"column":18},"end":{"line":70,"column":6}},"35":{"start":{"line":72,"column":4},"end":{"line":72,"column":52}},"36":{"start":{"line":73,"column":4},"end":{"line":73,"column":42}},"37":{"start":{"line":74,"column":4},"end":{"line":74,"column":45}},"38":{"start":{"line":75,"column":4},"end":{"line":75,"column":53}},"39":{"start":{"line":76,"column":4},"end":{"line":76,"column":48}},"40":{"start":{"line":77,"column":4},"end":{"line":77,"column":47}},"41":{"start":{"line":78,"column":4},"end":{"line":78,"column":58}},"42":{"start":{"line":80,"column":4},"end":{"line":88,"column":7}},"43":{"start":{"line":90,"column":4},"end":{"line":90,"column":63}},"44":{"start":{"line":91,"column":4},"end":{"line":94,"column":5}},"45":{"start":{"line":92,"column":6},"end":{"line":92,"column":80}},"46":{"start":{"line":93,"column":6},"end":{"line":93,"column":93}},"47":{"start":{"line":95,"column":4},"end":{"line":95,"column":92}},"48":{"start":{"line":99,"column":16},"end":{"line":129,"column":1}},"49":{"start":{"line":100,"column":2},"end":{"line":100,"column":46}},"50":{"start":{"line":101,"column":2},"end":{"line":101,"column":41}},"51":{"start":{"line":103,"column":2},"end":{"line":128,"column":3}},"52":{"start":{"line":104,"column":18},"end":{"line":104,"column":53}},"53":{"start":{"line":105,"column":4},"end":{"line":108,"column":5}},"54":{"start":{"line":106,"column":6},"end":{"line":106,"column":54}},"55":{"start":{"line":107,"column":6},"end":{"line":107,"column":78}},"56":{"start":{"line":110,"column":4},"end":{"line":110,"column":51}},"57":{"start":{"line":111,"column":4},"end":{"line":111,"column":48}},"58":{"start":{"line":112,"column":4},"end":{"line":112,"column":49}},"59":{"start":{"line":114,"column":19},"end":{"line":122,"column":5}},"60":{"start":{"line":123,"column":4},"end":{"line":123,"column":55}},"61":{"start":{"line":124,"column":4},"end":{"line":124,"column":21}},"62":{"start":{"line":126,"column":4},"end":{"line":126,"column":63}},"63":{"start":{"line":127,"column":4},"end":{"line":127,"column":92}},"64":{"start":{"line":131,"column":15},"end":{"line":175,"column":1}},"65":{"start":{"line":132,"column":2},"end":{"line":132,"column":44}},"66":{"start":{"line":133,"column":2},"end":{"line":133,"column":41}},"67":{"start":{"line":134,"column":2},"end":{"line":134,"column":46}},"68":{"start":{"line":135,"column":2},"end":{"line":135,"column":97}},"69":{"start":{"line":138,"column":2},"end":{"line":141,"column":3}},"70":{"start":{"line":139,"column":4},"end":{"line":139,"column":67}},"71":{"start":{"line":140,"column":4},"end":{"line":140,"column":96}},"72":{"start":{"line":143,"column":2},"end":{"line":174,"column":3}},"73":{"start":{"line":144,"column":4},"end":{"line":144,"column":49}},"74":{"start":{"line":145,"column":20},"end":{"line":149,"column":5}},"75":{"start":{"line":151,"column":4},"end":{"line":154,"column":5}},"76":{"start":{"line":152,"column":6},"end":{"line":152,"column":42}},"77":{"start":{"line":153,"column":6},"end":{"line":153,"column":78}},"78":{"start":{"line":156,"column":4},"end":{"line":156,"column":52}},"79":{"start":{"line":157,"column":4},"end":{"line":157,"column":47}},"80":{"start":{"line":158,"column":4},"end":{"line":158,"column":50}},"81":{"start":{"line":159,"column":4},"end":{"line":159,"column":49}},"82":{"start":{"line":160,"column":4},"end":{"line":160,"column":60}},"83":{"start":{"line":162,"column":4},"end":{"line":170,"column":7}},"84":{"start":{"line":172,"column":4},"end":{"line":172,"column":63}},"85":{"start":{"line":173,"column":4},"end":{"line":173,"column":92}},"86":{"start":{"line":177,"column":15},"end":{"line":206,"column":1}},"87":{"start":{"line":178,"column":2},"end":{"line":178,"column":45}},"88":{"start":{"line":179,"column":2},"end":{"line":179,"column":41}},"89":{"start":{"line":180,"column":2},"end":{"line":180,"column":97}},"90":{"start":{"line":183,"column":2},"end":{"line":186,"column":3}},"91":{"start":{"line":184,"column":4},"end":{"line":184,"column":67}},"92":{"start":{"line":185,"column":4},"end":{"line":185,"column":96}},"93":{"start":{"line":188,"column":2},"end":{"line":205,"column":3}},"94":{"start":{"line":189,"column":4},"end":{"line":189,"column":51}},"95":{"start":{"line":190,"column":20},"end":{"line":190,"column":64}},"96":{"start":{"line":192,"column":4},"end":{"line":195,"column":5}},"97":{"start":{"line":193,"column":6},"end":{"line":193,"column":42}},"98":{"start":{"line":194,"column":6},"end":{"line":194,"column":78}},"99":{"start":{"line":197,"column":4},"end":{"line":197,"column":52}},"100":{"start":{"line":198,"column":4},"end":{"line":198,"column":47}},"101":{"start":{"line":199,"column":4},"end":{"line":199,"column":67}},"102":{"start":{"line":201,"column":4},"end":{"line":201,"column":37}},"103":{"start":{"line":203,"column":4},"end":{"line":203,"column":63}},"104":{"start":{"line":204,"column":4},"end":{"line":204,"column":92}},"105":{"start":{"line":208,"column":17},"end":{"line":257,"column":1}},"106":{"start":{"line":209,"column":2},"end":{"line":209,"column":45}},"107":{"start":{"line":210,"column":2},"end":{"line":210,"column":41}},"108":{"start":{"line":211,"column":2},"end":{"line":211,"column":47}},"109":{"start":{"line":212,"column":2},"end":{"line":212,"column":72}},"110":{"start":{"line":214,"column":23},"end":{"line":214,"column":31}},"111":{"start":{"line":215,"column":2},"end":{"line":218,"column":3}},"112":{"start":{"line":216,"column":4},"end":{"line":216,"column":41}},"113":{"start":{"line":217,"column":4},"end":{"line":217,"column":85}},"114":{"start":{"line":220,"column":2},"end":{"line":256,"column":3}},"115":{"start":{"line":221,"column":4},"end":{"line":221,"column":57}},"116":{"start":{"line":222,"column":18},"end":{"line":222,"column":53}},"117":{"start":{"line":223,"column":4},"end":{"line":226,"column":5}},"118":{"start":{"line":224,"column":6},"end":{"line":224,"column":42}},"119":{"start":{"line":225,"column":6},"end":{"line":225,"column":78}},"120":{"start":{"line":228,"column":4},"end":{"line":228,"column":51}},"121":{"start":{"line":229,"column":4},"end":{"line":229,"column":55}},"122":{"start":{"line":230,"column":4},"end":{"line":230,"column":57}},"123":{"start":{"line":232,"column":4},"end":{"line":235,"column":5}},"124":{"start":{"line":233,"column":6},"end":{"line":233,"column":85}},"125":{"start":{"line":234,"column":6},"end":{"line":234,"column":89}},"126":{"start":{"line":237,"column":4},"end":{"line":237,"column":28}},"127":{"start":{"line":238,"column":4},"end":{"line":238,"column":23}},"128":{"start":{"line":240,"column":4},"end":{"line":240,"column":42}},"129":{"start":{"line":241,"column":4},"end":{"line":241,"column":51}},"130":{"start":{"line":242,"column":4},"end":{"line":242,"column":59}},"131":{"start":{"line":244,"column":4},"end":{"line":252,"column":7}},"132":{"start":{"line":254,"column":4},"end":{"line":254,"column":68}},"133":{"start":{"line":255,"column":4},"end":{"line":255,"column":97}},"134":{"start":{"line":259,"column":16},"end":{"line":308,"column":1}},"135":{"start":{"line":260,"column":2},"end":{"line":260,"column":44}},"136":{"start":{"line":261,"column":2},"end":{"line":261,"column":41}},"137":{"start":{"line":262,"column":2},"end":{"line":262,"column":47}},"138":{"start":{"line":263,"column":2},"end":{"line":263,"column":97}},"139":{"start":{"line":266,"column":2},"end":{"line":269,"column":3}},"140":{"start":{"line":267,"column":4},"end":{"line":267,"column":67}},"141":{"start":{"line":268,"column":4},"end":{"line":268,"column":97}},"142":{"start":{"line":271,"column":23},"end":{"line":271,"column":31}},"143":{"start":{"line":272,"column":2},"end":{"line":275,"column":3}},"144":{"start":{"line":273,"column":4},"end":{"line":273,"column":41}},"145":{"start":{"line":274,"column":4},"end":{"line":274,"column":85}},"146":{"start":{"line":277,"column":2},"end":{"line":307,"column":3}},"147":{"start":{"line":278,"column":4},"end":{"line":278,"column":57}},"148":{"start":{"line":279,"column":18},"end":{"line":279,"column":53}},"149":{"start":{"line":280,"column":4},"end":{"line":283,"column":5}},"150":{"start":{"line":281,"column":6},"end":{"line":281,"column":42}},"151":{"start":{"line":282,"column":6},"end":{"line":282,"column":78}},"152":{"start":{"line":285,"column":4},"end":{"line":285,"column":51}},"153":{"start":{"line":286,"column":4},"end":{"line":286,"column":55}},"154":{"start":{"line":288,"column":4},"end":{"line":288,"column":28}},"155":{"start":{"line":289,"column":4},"end":{"line":289,"column":23}},"156":{"start":{"line":291,"column":4},"end":{"line":291,"column":42}},"157":{"start":{"line":292,"column":4},"end":{"line":292,"column":51}},"158":{"start":{"line":293,"column":4},"end":{"line":293,"column":58}},"159":{"start":{"line":295,"column":4},"end":{"line":303,"column":7}},"160":{"start":{"line":305,"column":4},"end":{"line":305,"column":65}},"161":{"start":{"line":306,"column":4},"end":{"line":306,"column":94}},"162":{"start":{"line":310,"column":15},"end":{"line":367,"column":1}},"163":{"start":{"line":311,"column":2},"end":{"line":311,"column":44}},"164":{"start":{"line":312,"column":50},"end":{"line":312,"column":59}},"165":{"start":{"line":313,"column":2},"end":{"line":313,"column":79}},"166":{"start":{"line":315,"column":2},"end":{"line":366,"column":3}},"167":{"start":{"line":316,"column":19},"end":{"line":316,"column":21}},"168":{"start":{"line":318,"column":4},"end":{"line":324,"column":5}},"169":{"start":{"line":319,"column":6},"end":{"line":322,"column":8}},"170":{"start":{"line":323,"column":6},"end":{"line":323,"column":53}},"171":{"start":{"line":326,"column":4},"end":{"line":329,"column":5}},"172":{"start":{"line":327,"column":6},"end":{"line":327,"column":33}},"173":{"start":{"line":328,"column":6},"end":{"line":328,"column":62}},"174":{"start":{"line":331,"column":4},"end":{"line":341,"column":5}},"175":{"start":{"line":332,"column":6},"end":{"line":332,"column":24}},"176":{"start":{"line":333,"column":6},"end":{"line":336,"column":7}},"177":{"start":{"line":334,"column":8},"end":{"line":334,"column":49}},"178":{"start":{"line":335,"column":8},"end":{"line":335,"column":53}},"179":{"start":{"line":337,"column":6},"end":{"line":340,"column":7}},"180":{"start":{"line":338,"column":8},"end":{"line":338,"column":49}},"181":{"start":{"line":339,"column":8},"end":{"line":339,"column":53}},"182":{"start":{"line":343,"column":4},"end":{"line":343,"column":58}},"183":{"start":{"line":344,"column":19},"end":{"line":344,"column":67}},"184":{"start":{"line":345,"column":4},"end":{"line":345,"column":63}},"185":{"start":{"line":347,"column":19},"end":{"line":359,"column":6}},"186":{"start":{"line":348,"column":21},"end":{"line":356,"column":7}},"187":{"start":{"line":357,"column":6},"end":{"line":357,"column":89}},"188":{"start":{"line":358,"column":6},"end":{"line":358,"column":20}},"189":{"start":{"line":361,"column":4},"end":{"line":361,"column":73}},"190":{"start":{"line":362,"column":4},"end":{"line":362,"column":21}},"191":{"start":{"line":364,"column":4},"end":{"line":364,"column":65}},"192":{"start":{"line":365,"column":4},"end":{"line":365,"column":94}},"193":{"start":{"line":369,"column":0},"end":{"line":369,"column":86}}},"fnMap":{"0":{"name":"(anonymous_0)","decl":{"start":{"line":6,"column":13},"end":{"line":6,"column":14}},"loc":{"start":{"line":6,"column":33},"end":{"line":34,"column":1}},"line":6},"1":{"name":"(anonymous_1)","decl":{"start":{"line":14,"column":30},"end":{"line":14,"column":31}},"loc":{"start":{"line":14,"column":46},"end":{"line":26,"column":5}},"line":14},"2":{"name":"(anonymous_2)","decl":{"start":{"line":36,"column":15},"end":{"line":36,"column":16}},"loc":{"start":{"line":36,"column":35},"end":{"line":97,"column":1}},"line":36},"3":{"name":"(anonymous_3)","decl":{"start":{"line":99,"column":16},"end":{"line":99,"column":17}},"loc":{"start":{"line":99,"column":36},"end":{"line":129,"column":1}},"line":99},"4":{"name":"(anonymous_4)","decl":{"start":{"line":131,"column":15},"end":{"line":131,"column":16}},"loc":{"start":{"line":131,"column":35},"end":{"line":175,"column":1}},"line":131},"5":{"name":"(anonymous_5)","decl":{"start":{"line":177,"column":15},"end":{"line":177,"column":16}},"loc":{"start":{"line":177,"column":35},"end":{"line":206,"column":1}},"line":177},"6":{"name":"(anonymous_6)","decl":{"start":{"line":208,"column":17},"end":{"line":208,"column":18}},"loc":{"start":{"line":208,"column":37},"end":{"line":257,"column":1}},"line":208},"7":{"name":"(anonymous_7)","decl":{"start":{"line":259,"column":16},"end":{"line":259,"column":17}},"loc":{"start":{"line":259,"column":36},"end":{"line":308,"column":1}},"line":259},"8":{"name":"(anonymous_8)","decl":{"start":{"line":310,"column":15},"end":{"line":310,"column":16}},"loc":{"start":{"line":310,"column":35},"end":{"line":367,"column":1}},"line":310},"9":{"name":"(anonymous_9)","decl":{"start":{"line":347,"column":30},"end":{"line":347,"column":31}},"loc":{"start":{"line":347,"column":46},"end":{"line":359,"column":5}},"line":347}},"branchMap":{"0":{"loc":{"start":{"line":21,"column":21},"end":{"line":21,"column":44}},"type":"binary-expr","locations":[{"start":{"line":21,"column":21},"end":{"line":21,"column":38}},{"start":{"line":21,"column":42},"end":{"line":21,"column":44}}],"line":21},"1":{"loc":{"start":{"line":22,"column":18},"end":{"line":22,"column":38}},"type":"binary-expr","locations":[{"start":{"line":22,"column":18},"end":{"line":22,"column":32}},{"start":{"line":22,"column":36},"end":{"line":22,"column":38}}],"line":22},"2":{"loc":{"start":{"line":38,"column":29},"end":{"line":38,"column":95}},"type":"cond-expr","locations":[{"start":{"line":38,"column":40},"end":{"line":38,"column":81}},{"start":{"line":38,"column":84},"end":{"line":38,"column":95}}],"line":38},"3":{"loc":{"start":{"line":41,"column":82},"end":{"line":41,"column":115}},"type":"cond-expr","locations":[{"start":{"line":41,"column":96},"end":{"line":41,"column":106}},{"start":{"line":41,"column":109},"end":{"line":41,"column":115}}],"line":41},"4":{"loc":{"start":{"line":41,"column":127},"end":{"line":41,"column":157}},"type":"cond-expr","locations":[{"start":{"line":41,"column":138},"end":{"line":41,"column":148}},{"start":{"line":41,"column":151},"end":{"line":41,"column":157}}],"line":41},"5":{"loc":{"start":{"line":43,"column":2},"end":{"line":46,"column":3}},"type":"if","locations":[{"start":{"line":43,"column":2},"end":{"line":46,"column":3}},{"start":{},"end":{}}],"line":43},"6":{"loc":{"start":{"line":43,"column":6},"end":{"line":43,"column":58}},"type":"binary-expr","locations":[{"start":{"line":43,"column":6},"end":{"line":43,"column":11}},{"start":{"line":43,"column":15},"end":{"line":43,"column":28}},{"start":{"line":43,"column":32},"end":{"line":43,"column":45}},{"start":{"line":43,"column":49},"end":{"line":43,"column":58}}],"line":43},"7":{"loc":{"start":{"line":49,"column":2},"end":{"line":52,"column":3}},"type":"if","locations":[{"start":{"line":49,"column":2},"end":{"line":52,"column":3}},{"start":{},"end":{}}],"line":49},"8":{"loc":{"start":{"line":57,"column":4},"end":{"line":60,"column":5}},"type":"if","locations":[{"start":{"line":57,"column":4},"end":{"line":60,"column":5}},{"start":{},"end":{}}],"line":57},"9":{"loc":{"start":{"line":65,"column":19},"end":{"line":65,"column":36}},"type":"binary-expr","locations":[{"start":{"line":65,"column":19},"end":{"line":65,"column":30}},{"start":{"line":65,"column":34},"end":{"line":65,"column":36}}],"line":65},"10":{"loc":{"start":{"line":68,"column":16},"end":{"line":68,"column":30}},"type":"binary-expr","locations":[{"start":{"line":68,"column":16},"end":{"line":68,"column":24}},{"start":{"line":68,"column":28},"end":{"line":68,"column":30}}],"line":68},"11":{"loc":{"start":{"line":91,"column":4},"end":{"line":94,"column":5}},"type":"if","locations":[{"start":{"line":91,"column":4},"end":{"line":94,"column":5}},{"start":{},"end":{}}],"line":91},"12":{"loc":{"start":{"line":105,"column":4},"end":{"line":108,"column":5}},"type":"if","locations":[{"start":{"line":105,"column":4},"end":{"line":108,"column":5}},{"start":{},"end":{}}],"line":105},"13":{"loc":{"start":{"line":120,"column":19},"end":{"line":120,"column":42}},"type":"binary-expr","locations":[{"start":{"line":120,"column":19},"end":{"line":120,"column":36}},{"start":{"line":120,"column":40},"end":{"line":120,"column":42}}],"line":120},"14":{"loc":{"start":{"line":121,"column":16},"end":{"line":121,"column":36}},"type":"binary-expr","locations":[{"start":{"line":121,"column":16},"end":{"line":121,"column":30}},{"start":{"line":121,"column":34},"end":{"line":121,"column":36}}],"line":121},"15":{"loc":{"start":{"line":135,"column":29},"end":{"line":135,"column":95}},"type":"cond-expr","locations":[{"start":{"line":135,"column":40},"end":{"line":135,"column":81}},{"start":{"line":135,"column":84},"end":{"line":135,"column":95}}],"line":135},"16":{"loc":{"start":{"line":138,"column":2},"end":{"line":141,"column":3}},"type":"if","locations":[{"start":{"line":138,"column":2},"end":{"line":141,"column":3}},{"start":{},"end":{}}],"line":138},"17":{"loc":{"start":{"line":151,"column":4},"end":{"line":154,"column":5}},"type":"if","locations":[{"start":{"line":151,"column":4},"end":{"line":154,"column":5}},{"start":{},"end":{}}],"line":151},"18":{"loc":{"start":{"line":180,"column":29},"end":{"line":180,"column":95}},"type":"cond-expr","locations":[{"start":{"line":180,"column":40},"end":{"line":180,"column":81}},{"start":{"line":180,"column":84},"end":{"line":180,"column":95}}],"line":180},"19":{"loc":{"start":{"line":183,"column":2},"end":{"line":186,"column":3}},"type":"if","locations":[{"start":{"line":183,"column":2},"end":{"line":186,"column":3}},{"start":{},"end":{}}],"line":183},"20":{"loc":{"start":{"line":192,"column":4},"end":{"line":195,"column":5}},"type":"if","locations":[{"start":{"line":192,"column":4},"end":{"line":195,"column":5}},{"start":{},"end":{}}],"line":192},"21":{"loc":{"start":{"line":212,"column":29},"end":{"line":212,"column":70}},"type":"cond-expr","locations":[{"start":{"line":212,"column":40},"end":{"line":212,"column":56}},{"start":{"line":212,"column":59},"end":{"line":212,"column":70}}],"line":212},"22":{"loc":{"start":{"line":215,"column":2},"end":{"line":218,"column":3}},"type":"if","locations":[{"start":{"line":215,"column":2},"end":{"line":218,"column":3}},{"start":{},"end":{}}],"line":215},"23":{"loc":{"start":{"line":215,"column":6},"end":{"line":215,"column":31}},"type":"binary-expr","locations":[{"start":{"line":215,"column":6},"end":{"line":215,"column":15}},{"start":{"line":215,"column":19},"end":{"line":215,"column":31}}],"line":215},"24":{"loc":{"start":{"line":223,"column":4},"end":{"line":226,"column":5}},"type":"if","locations":[{"start":{"line":223,"column":4},"end":{"line":226,"column":5}},{"start":{},"end":{}}],"line":223},"25":{"loc":{"start":{"line":232,"column":4},"end":{"line":235,"column":5}},"type":"if","locations":[{"start":{"line":232,"column":4},"end":{"line":235,"column":5}},{"start":{},"end":{}}],"line":232},"26":{"loc":{"start":{"line":263,"column":29},"end":{"line":263,"column":95}},"type":"cond-expr","locations":[{"start":{"line":263,"column":40},"end":{"line":263,"column":81}},{"start":{"line":263,"column":84},"end":{"line":263,"column":95}}],"line":263},"27":{"loc":{"start":{"line":266,"column":2},"end":{"line":269,"column":3}},"type":"if","locations":[{"start":{"line":266,"column":2},"end":{"line":269,"column":3}},{"start":{},"end":{}}],"line":266},"28":{"loc":{"start":{"line":272,"column":2},"end":{"line":275,"column":3}},"type":"if","locations":[{"start":{"line":272,"column":2},"end":{"line":275,"column":3}},{"start":{},"end":{}}],"line":272},"29":{"loc":{"start":{"line":272,"column":6},"end":{"line":272,"column":31}},"type":"binary-expr","locations":[{"start":{"line":272,"column":6},"end":{"line":272,"column":15}},{"start":{"line":272,"column":19},"end":{"line":272,"column":31}}],"line":272},"30":{"loc":{"start":{"line":280,"column":4},"end":{"line":283,"column":5}},"type":"if","locations":[{"start":{"line":280,"column":4},"end":{"line":283,"column":5}},{"start":{},"end":{}}],"line":280},"31":{"loc":{"start":{"line":318,"column":4},"end":{"line":324,"column":5}},"type":"if","locations":[{"start":{"line":318,"column":4},"end":{"line":324,"column":5}},{"start":{},"end":{}}],"line":318},"32":{"loc":{"start":{"line":326,"column":4},"end":{"line":329,"column":5}},"type":"if","locations":[{"start":{"line":326,"column":4},"end":{"line":329,"column":5}},{"start":{},"end":{}}],"line":326},"33":{"loc":{"start":{"line":331,"column":4},"end":{"line":341,"column":5}},"type":"if","locations":[{"start":{"line":331,"column":4},"end":{"line":341,"column":5}},{"start":{},"end":{}}],"line":331},"34":{"loc":{"start":{"line":331,"column":8},"end":{"line":331,"column":56}},"type":"binary-expr","locations":[{"start":{"line":331,"column":8},"end":{"line":331,"column":30}},{"start":{"line":331,"column":34},"end":{"line":331,"column":56}}],"line":331},"35":{"loc":{"start":{"line":333,"column":6},"end":{"line":336,"column":7}},"type":"if","locations":[{"start":{"line":333,"column":6},"end":{"line":336,"column":7}},{"start":{},"end":{}}],"line":333},"36":{"loc":{"start":{"line":337,"column":6},"end":{"line":340,"column":7}},"type":"if","locations":[{"start":{"line":337,"column":6},"end":{"line":340,"column":7}},{"start":{},"end":{}}],"line":337},"37":{"loc":{"start":{"line":354,"column":21},"end":{"line":354,"column":44}},"type":"binary-expr","locations":[{"start":{"line":354,"column":21},"end":{"line":354,"column":38}},{"start":{"line":354,"column":42},"end":{"line":354,"column":44}}],"line":354},"38":{"loc":{"start":{"line":355,"column":18},"end":{"line":355,"column":38}},"type":"binary-expr","locations":[{"start":{"line":355,"column":18},"end":{"line":355,"column":32}},{"start":{"line":355,"column":36},"end":{"line":355,"column":38}}],"line":355}},"s":{"0":1,"1":1,"2":1,"3":3,"4":3,"5":3,"6":3,"7":2,"8":2,"9":2,"10":2,"11":2,"12":2,"13":2,"14":1,"15":1,"16":1,"17":7,"18":7,"19":7,"20":7,"21":7,"22":4,"23":4,"24":3,"25":1,"26":1,"27":2,"28":2,"29":2,"30":2,"31":1,"32":1,"33":1,"34":1,"35":1,"36":1,"37":1,"38":1,"39":1,"40":1,"41":1,"42":1,"43":0,"44":0,"45":0,"46":0,"47":0,"48":1,"49":2,"50":2,"51":2,"52":2,"53":2,"54":1,"55":1,"56":1,"57":1,"58":1,"59":1,"60":1,"61":1,"62":0,"63":0,"64":1,"65":3,"66":3,"67":3,"68":3,"69":3,"70":1,"71":1,"72":2,"73":2,"74":2,"75":2,"76":1,"77":1,"78":1,"79":1,"80":1,"81":1,"82":1,"83":1,"84":0,"85":0,"86":1,"87":3,"88":3,"89":3,"90":3,"91":1,"92":1,"93":2,"94":2,"95":2,"96":2,"97":1,"98":1,"99":1,"100":1,"101":1,"102":1,"103":0,"104":0,"105":1,"106":4,"107":4,"108":4,"109":4,"110":4,"111":4,"112":1,"113":1,"114":3,"115":3,"116":3,"117":3,"118":1,"119":1,"120":2,"121":2,"122":2,"123":2,"124":1,"125":1,"126":1,"127":1,"128":1,"129":1,"130":1,"131":1,"132":0,"133":0,"134":1,"135":4,"136":4,"137":4,"138":4,"139":4,"140":1,"141":1,"142":3,"143":3,"144":1,"145":1,"146":2,"147":2,"148":2,"149":2,"150":1,"151":1,"152":1,"153":1,"154":1,"155":1,"156":1,"157":1,"158":1,"159":1,"160":0,"161":0,"162":1,"163":4,"164":4,"165":4,"166":4,"167":4,"168":4,"169":1,"170":1,"171":4,"172":1,"173":1,"174":4,"175":1,"176":1,"177":1,"178":1,"179":1,"180":1,"181":1,"182":4,"183":4,"184":4,"185":4,"186":4,"187":4,"188":4,"189":4,"190":4,"191":0,"192":0,"193":1},"f":{"0":3,"1":2,"2":7,"3":2,"4":3,"5":3,"6":4,"7":4,"8":4,"9":4},"b":{"0":[2,0],"1":[2,0],"2":[7,0],"3":[1,6],"4":[1,6],"5":[4,3],"6":[7,6,5,4],"7":[1,2],"8":[1,1],"9":[1,0],"10":[1,0],"11":[0,0],"12":[1,1],"13":[1,0],"14":[1,0],"15":[3,0],"16":[1,2],"17":[1,1],"18":[3,0],"19":[1,2],"20":[1,1],"21":[4,0],"22":[1,3],"23":[4,3],"24":[1,2],"25":[1,1],"26":[4,0],"27":[1,3],"28":[1,2],"29":[3,3],"30":[1,1],"31":[1,3],"32":[1,3],"33":[1,3],"34":[4,3],"35":[1,0],"36":[1,0],"37":[4,0],"38":[4,0]},"_coverageSchema":"1a1c01bbd47fc00a2c39e90264f33305004495a9","hash":"4a9856460292fa7e431973d3146a54f614d90539"}
,"A:\\sweetshop\\Sweet-Shop\\Sweet-Shop\\server\\src\\lib\\db.js": {"path":"A:\\sweetshop\\Sweet-Shop\\Sweet-Shop\\server\\src\\lib\\db.js","statementMap":{"0":{"start":{"line":3,"column":17},"end":{"line":3,"column":36}},"1":{"start":{"line":4,"column":16},"end":{"line":4,"column":32}},"2":{"start":{"line":6,"column":18},"end":{"line":6,"column":23}},"3":{"start":{"line":9,"column":2},"end":{"line":9,"column":46}},"4":{"start":{"line":9,"column":19},"end":{"line":9,"column":46}},"5":{"start":{"line":10,"column":2},"end":{"line":10,"column":36}},"6":{"start":{"line":11,"column":2},"end":{"line":13,"column":5}},"7":{"start":{"line":14,"column":2},"end":{"line":14,"column":21}},"8":{"start":{"line":15,"column":2},"end":{"line":15,"column":38}},"9":{"start":{"line":16,"column":2},"end":{"line":16,"column":29}},"10":{"start":{"line":19,"column":0},"end":{"line":19,"column":31}}},"fnMap":{"0":{"name":"connectDB","decl":{"start":{"line":8,"column":15},"end":{"line":8,"column":24}},"loc":{"start":{"line":8,"column":27},"end":{"line":17,"column":1}},"line":8}},"branchMap":{"0":{"loc":{"start":{"line":9,"column":2},"end":{"line":9,"column":46}},"type":"if","locations":[{"start":{"line":9,"column":2},"end":{"line":9,"column":46}},{"start":{},"end":{}}],"line":9}},"s":{"0":0,"1":0,"2":0,"3":0,"4":0,"5":0,"6":0,"7":0,"8":0,"9":0,"10":0},"f":{"0":0},"b":{"0":[0,0]}}
,"A:\\sweetshop\\Sweet-Shop\\Sweet-Shop\\server\\src\\lib\\env.js": {"path":"A:\\sweetshop\\Sweet-Shop\\Sweet-Shop\\server\\src\\lib\\env.js","statementMap":{"0":{"start":{"line":3,"column":13},"end":{"line":3,"column":28}},"1":{"start":{"line":4,"column":11},"end":{"line":4,"column":24}},"2":{"start":{"line":5,"column":15},"end":{"line":5,"column":32}},"3":{"start":{"line":8,"column":16},"end":{"line":8,"column":56}},"4":{"start":{"line":9,"column":0},"end":{"line":13,"column":1}},"5":{"start":{"line":10,"column":2},"end":{"line":10,"column":35}},"6":{"start":{"line":12,"column":2},"end":{"line":12,"column":18}},"7":{"start":{"line":15,"column":12},"end":{"line":27,"column":1}},"8":{"start":{"line":29,"column":0},"end":{"line":29,"column":25}}},"fnMap":{},"branchMap":{"0":{"loc":{"start":{"line":9,"column":0},"end":{"line":13,"column":1}},"type":"if","locations":[{"start":{"line":9,"column":0},"end":{"line":13,"column":1}},{"start":{"line":11,"column":7},"end":{"line":13,"column":1}}],"line":9},"1":{"loc":{"start":{"line":16,"column":12},"end":{"line":16,"column":49}},"type":"binary-expr","locations":[{"start":{"line":16,"column":12},"end":{"line":16,"column":32}},{"start":{"line":16,"column":36},"end":{"line":16,"column":49}}],"line":16},"2":{"loc":{"start":{"line":17,"column":8},"end":{"line":17,"column":32}},"type":"binary-expr","locations":[{"start":{"line":17,"column":8},"end":{"line":17,"column":24}},{"start":{"line":17,"column":28},"end":{"line":17,"column":32}}],"line":17},"3":{"loc":{"start":{"line":18,"column":17},"end":{"line":18,"column":69}},"type":"binary-expr","locations":[{"start":{"line":18,"column":17},"end":{"line":18,"column":42}},{"start":{"line":18,"column":46},"end":{"line":18,"column":69}}],"line":18},"4":{"loc":{"start":{"line":19,"column":15},"end":{"line":19,"column":104}},"type":"binary-expr","locations":[{"start":{"line":19,"column":15},"end":{"line":19,"column":36}},{"start":{"line":19,"column":40},"end":{"line":19,"column":63}},{"start":{"line":19,"column":67},"end":{"line":19,"column":104}}],"line":19},"5":{"loc":{"start":{"line":20,"column":21},"end":{"line":20,"column":73}},"type":"binary-expr","locations":[{"start":{"line":20,"column":21},"end":{"line":20,"column":50}},{"start":{"line":20,"column":54},"end":{"line":20,"column":73}}],"line":20},"6":{"loc":{"start":{"line":21,"column":22},"end":{"line":21,"column":76}},"type":"binary-expr","locations":[{"start":{"line":21,"column":22},"end":{"line":21,"column":52}},{"start":{"line":21,"column":56},"end":{"line":21,"column":76}}],"line":21},"7":{"loc":{"start":{"line":22,"column":24},"end":{"line":22,"column":65}},"type":"binary-expr","locations":[{"start":{"line":22,"column":24},"end":{"line":22,"column":56}},{"start":{"line":22,"column":60},"end":{"line":22,"column":65}}],"line":22},"8":{"loc":{"start":{"line":23,"column":25},"end":{"line":23,"column":66}},"type":"binary-expr","locations":[{"start":{"line":23,"column":25},"end":{"line":23,"column":58}},{"start":{"line":23,"column":62},"end":{"line":23,"column":66}}],"line":23},"9":{"loc":{"start":{"line":24,"column":24},"end":{"line":24,"column":60}},"type":"binary-expr","locations":[{"start":{"line":24,"column":24},"end":{"line":24,"column":49}},{"start":{"line":24,"column":53},"end":{"line":24,"column":60}}],"line":24},"10":{"loc":{"start":{"line":25,"column":20},"end":{"line":25,"column":58}},"type":"binary-expr","locations":[{"start":{"line":25,"column":20},"end":{"line":25,"column":48}},{"start":{"line":25,"column":52},"end":{"line":25,"column":58}}],"line":25},"11":{"loc":{"start":{"line":26,"column":17},"end":{"line":26,"column":55}},"type":"binary-expr","locations":[{"start":{"line":26,"column":17},"end":{"line":26,"column":42}},{"start":{"line":26,"column":46},"end":{"line":26,"column":55}}],"line":26}},"s":{"0":3,"1":3,"2":3,"3":3,"4":3,"5":3,"6":0,"7":3,"8":3},"f":{},"b":{"0":[3,0],"1":[3,0],"2":[3,0],"3":[3,0],"4":[3,0,0],"5":[3,3],"6":[3,3],"7":[3,3],"8":[3,3],"9":[3,3],"10":[3,3],"11":[3,3]},"_coverageSchema":"1a1c01bbd47fc00a2c39e90264f33305004495a9","hash":"160e9bea3bd8d42a9f7af42f9bcb4706f683dc9d"}
,"A:\\sweetshop\\Sweet-Shop\\Sweet-Shop\\server\\src\\middleware\\auth.js": {"path":"A:\\sweetshop\\Sweet-Shop\\Sweet-Shop\\server\\src\\middleware\\auth.js","statementMap":{"0":{"start":{"line":3,"column":30},"end":{"line":3,"column":56}},"1":{"start":{"line":6,"column":2},"end":{"line":40,"column":4}},"2":{"start":{"line":7,"column":4},"end":{"line":7,"column":72}},"3":{"start":{"line":8,"column":4},"end":{"line":39,"column":5}},"4":{"start":{"line":9,"column":25},"end":{"line":9,"column":53}},"5":{"start":{"line":10,"column":18},"end":{"line":10,"column":22}},"6":{"start":{"line":12,"column":6},"end":{"line":20,"column":7}},"7":{"start":{"line":13,"column":8},"end":{"line":13,"column":40}},"8":{"start":{"line":14,"column":8},"end":{"line":14,"column":94}},"9":{"start":{"line":15,"column":13},"end":{"line":20,"column":7}},"10":{"start":{"line":16,"column":8},"end":{"line":16,"column":41}},"11":{"start":{"line":17,"column":8},"end":{"line":17,"column":81}},"12":{"start":{"line":19,"column":8},"end":{"line":19,"column":56}},"13":{"start":{"line":22,"column":6},"end":{"line":29,"column":7}},"14":{"start":{"line":23,"column":8},"end":{"line":26,"column":9}},"15":{"start":{"line":24,"column":10},"end":{"line":24,"column":86}},"16":{"start":{"line":25,"column":10},"end":{"line":25,"column":24}},"17":{"start":{"line":27,"column":8},"end":{"line":27,"column":60}},"18":{"start":{"line":28,"column":8},"end":{"line":28,"column":65}},"19":{"start":{"line":31,"column":6},"end":{"line":31,"column":46}},"20":{"start":{"line":32,"column":22},"end":{"line":32,"column":46}},"21":{"start":{"line":33,"column":6},"end":{"line":33,"column":86}},"22":{"start":{"line":34,"column":6},"end":{"line":34,"column":25}},"23":{"start":{"line":35,"column":6},"end":{"line":35,"column":13}},"24":{"start":{"line":37,"column":6},"end":{"line":37,"column":68}},"25":{"start":{"line":38,"column":6},"end":{"line":38,"column":75}},"26":{"start":{"line":43,"column":0},"end":{"line":43,"column":26}}},"fnMap":{"0":{"name":"auth","decl":{"start":{"line":5,"column":9},"end":{"line":5,"column":13}},"loc":{"start":{"line":5,"column":31},"end":{"line":41,"column":1}},"line":5},"1":{"name":"(anonymous_1)","decl":{"start":{"line":6,"column":9},"end":{"line":6,"column":10}},"loc":{"start":{"line":6,"column":35},"end":{"line":40,"column":3}},"line":6}},"branchMap":{"0":{"loc":{"start":{"line":5,"column":14},"end":{"line":5,"column":29}},"type":"default-arg","locations":[{"start":{"line":5,"column":25},"end":{"line":5,"column":29}}],"line":5},"1":{"loc":{"start":{"line":12,"column":6},"end":{"line":20,"column":7}},"type":"if","locations":[{"start":{"line":12,"column":6},"end":{"line":20,"column":7}},{"start":{"line":15,"column":13},"end":{"line":20,"column":7}}],"line":12},"2":{"loc":{"start":{"line":12,"column":10},"end":{"line":12,"column":56}},"type":"binary-expr","locations":[{"start":{"line":12,"column":10},"end":{"line":12,"column":20}},{"start":{"line":12,"column":24},"end":{"line":12,"column":56}}],"line":12},"3":{"loc":{"start":{"line":15,"column":13},"end":{"line":20,"column":7}},"type":"if","locations":[{"start":{"line":15,"column":13},"end":{"line":20,"column":7}},{"start":{"line":18,"column":13},"end":{"line":20,"column":7}}],"line":15},"4":{"loc":{"start":{"line":15,"column":17},"end":{"line":15,"column":56}},"type":"binary-expr","locations":[{"start":{"line":15,"column":17},"end":{"line":15,"column":28}},{"start":{"line":15,"column":32},"end":{"line":15,"column":56}}],"line":15},"5":{"loc":{"start":{"line":22,"column":6},"end":{"line":29,"column":7}},"type":"if","locations":[{"start":{"line":22,"column":6},"end":{"line":29,"column":7}},{"start":{},"end":{}}],"line":22},"6":{"loc":{"start":{"line":23,"column":8},"end":{"line":26,"column":9}},"type":"if","locations":[{"start":{"line":23,"column":8},"end":{"line":26,"column":9}},{"start":{},"end":{}}],"line":23}},"s":{"0":1,"1":15,"2":15,"3":15,"4":15,"5":15,"6":15,"7":10,"8":10,"9":5,"10":1,"11":1,"12":4,"13":15,"14":4,"15":1,"16":1,"17":3,"18":3,"19":11,"20":11,"21":8,"22":8,"23":8,"24":3,"25":3,"26":1},"f":{"0":15,"1":15},"b":{"0":[0],"1":[10,5],"2":[15,12],"3":[1,4],"4":[5,5],"5":[4,11],"6":[1,3]},"_coverageSchema":"1a1c01bbd47fc00a2c39e90264f33305004495a9","hash":"f2b15ade780387e3db158c398f3d6cfe7763a72d"}
,"A:\\sweetshop\\Sweet-Shop\\Sweet-Shop\\server\\src\\models\\Sweet.js": {"path":"A:\\sweetshop\\Sweet-Shop\\Sweet-Shop\\server\\src\\models\\Sweet.js","statementMap":{"0":{"start":{"line":3,"column":17},"end":{"line":3,"column":36}},"1":{"start":{"line":5,"column":20},"end":{"line":16,"column":1}},"2":{"start":{"line":18,"column":0},"end":{"line":18,"column":54}}},"fnMap":{},"branchMap":{},"s":{"0":1,"1":1,"2":1},"f":{},"b":{},"_coverageSchema":"1a1c01bbd47fc00a2c39e90264f33305004495a9","hash":"f7dea363923a7843a0cdf1d43fa8346e57dbda08"}
,"A:\\sweetshop\\Sweet-Shop\\Sweet-Shop\\server\\src\\models\\User.js": {"path":"A:\\sweetshop\\Sweet-Shop\\Sweet-Shop\\server\\src\\models\\User.js","statementMap":{"0":{"start":{"line":3,"column":17},"end":{"line":3,"column":36}},"1":{"start":{"line":4,"column":15},"end":{"line":4,"column":34}},"2":{"start":{"line":6,"column":19},"end":{"line":15,"column":1}},"3":{"start":{"line":17,"column":0},"end":{"line":22,"column":3}},"4":{"start":{"line":18,"column":2},"end":{"line":18,"column":50}},"5":{"start":{"line":18,"column":36},"end":{"line":18,"column":50}},"6":{"start":{"line":19,"column":15},"end":{"line":19,"column":39}},"7":{"start":{"line":20,"column":2},"end":{"line":20,"column":57}},"8":{"start":{"line":21,"column":2},"end":{"line":21,"column":9}},"9":{"start":{"line":24,"column":0},"end":{"line":26,"column":2}},"10":{"start":{"line":25,"column":2},"end":{"line":25,"column":50}},"11":{"start":{"line":28,"column":0},"end":{"line":28,"column":52}}},"fnMap":{"0":{"name":"(anonymous_0)","decl":{"start":{"line":17,"column":23},"end":{"line":17,"column":24}},"loc":{"start":{"line":17,"column":45},"end":{"line":22,"column":1}},"line":17},"1":{"name":"(anonymous_1)","decl":{"start":{"line":24,"column":37},"end":{"line":24,"column":38}},"loc":{"start":{"line":24,"column":58},"end":{"line":26,"column":1}},"line":24}},"branchMap":{"0":{"loc":{"start":{"line":18,"column":2},"end":{"line":18,"column":50}},"type":"if","locations":[{"start":{"line":18,"column":2},"end":{"line":18,"column":50}},{"start":{},"end":{}}],"line":18}},"s":{"0":1,"1":1,"2":1,"3":1,"4":0,"5":0,"6":0,"7":0,"8":0,"9":1,"10":0,"11":1},"f":{"0":0,"1":0},"b":{"0":[0,0]},"_coverageSchema":"1a1c01bbd47fc00a2c39e90264f33305004495a9","hash":"f9b2df2bfd3c000e488fe15d24da349984393c02"}
,"A:\\sweetshop\\Sweet-Shop\\Sweet-Shop\\server\\src\\routes\\auth.routes.js": {"path":"A:\\sweetshop\\Sweet-Shop\\Sweet-Shop\\server\\src\\routes\\auth.routes.js","statementMap":{"0":{"start":{"line":3,"column":15},"end":{"line":3,"column":42}},"1":{"start":{"line":4,"column":49},"end":{"line":4,"column":90}},"2":{"start":{"line":5,"column":17},"end":{"line":5,"column":46}},"3":{"start":{"line":7,"column":0},"end":{"line":7,"column":35}},"4":{"start":{"line":8,"column":0},"end":{"line":8,"column":29}},"5":{"start":{"line":9,"column":0},"end":{"line":9,"column":31}},"6":{"start":{"line":10,"column":0},"end":{"line":10,"column":34}},"7":{"start":{"line":11,"column":0},"end":{"line":11,"column":33}},"8":{"start":{"line":13,"column":0},"end":{"line":13,"column":24}}},"fnMap":{},"branchMap":{},"s":{"0":0,"1":0,"2":0,"3":0,"4":0,"5":0,"6":0,"7":0,"8":0},"f":{},"b":{}}
,"A:\\sweetshop\\Sweet-Shop\\Sweet-Shop\\server\\src\\routes\\sweets.routes.js": {"path":"A:\\sweetshop\\Sweet-Shop\\Sweet-Shop\\server\\src\\routes\\sweets.routes.js","statementMap":{"0":{"start":{"line":3,"column":15},"end":{"line":3,"column":42}},"1":{"start":{"line":4,"column":77},"end":{"line":4,"column":120}},"2":{"start":{"line":5,"column":17},"end":{"line":5,"column":46}},"3":{"start":{"line":7,"column":0},"end":{"line":7,"column":22}},"4":{"start":{"line":8,"column":0},"end":{"line":8,"column":30}},"5":{"start":{"line":9,"column":0},"end":{"line":9,"column":37}},"6":{"start":{"line":10,"column":0},"end":{"line":10,"column":28}},"7":{"start":{"line":11,"column":0},"end":{"line":11,"column":39}},"8":{"start":{"line":12,"column":0},"end":{"line":12,"column":42}},"9":{"start":{"line":13,"column":0},"end":{"line":13,"column":51}},"10":{"start":{"line":14,"column":0},"end":{"line":14,"column":49}},"11":{"start":{"line":16,"column":0},"end":{"line":16,"column":24}}},"fnMap":{},"branchMap":{},"s":{"0":0,"1":0,"2":0,"3":0,"4":0,"5":0,"6":0,"7":0,"8":0,"9":0,"10":0,"11":0},"f":{},"b":{}}
,"A:\\sweetshop\\Sweet-Shop\\Sweet-Shop\\server\\src\\services\\remote.service.js": {"path":"A:\\sweetshop\\Sweet-Shop\\Sweet-Shop\\server\\src\\services\\remote.service.js","statementMap":{"0":{"start":{"line":4,"column":14},"end":{"line":4,"column":30}},"1":{"start":{"line":6,"column":15},"end":{"line":9,"column":2}},"2":{"start":{"line":12,"column":14},"end":{"line":12,"column":35}},"3":{"start":{"line":13,"column":2},"end":{"line":13,"column":18}},"4":{"start":{"line":16,"column":0},"end":{"line":16,"column":34}}},"fnMap":{"0":{"name":"ping","decl":{"start":{"line":11,"column":15},"end":{"line":11,"column":19}},"loc":{"start":{"line":11,"column":25},"end":{"line":14,"column":1}},"line":11}},"branchMap":{},"s":{"0":0,"1":0,"2":0,"3":0,"4":0},"f":{"0":0},"b":{}}
,"A:\\sweetshop\\Sweet-Shop\\Sweet-Shop\\server\\src\\utils\\tokens.js": {"path":"A:\\sweetshop\\Sweet-Shop\\Sweet-Shop\\server\\src\\utils\\tokens.js","statementMap":{"0":{"start":{"line":3,"column":12},"end":{"line":3,"column":35}},"1":{"start":{"line":4,"column":16},"end":{"line":4,"column":37}},"2":{"start":{"line":7,"column":2},"end":{"line":7,"column":91}},"3":{"start":{"line":11,"column":2},"end":{"line":11,"column":93}},"4":{"start":{"line":15,"column":2},"end":{"line":15,"column":50}},"5":{"start":{"line":19,"column":2},"end":{"line":19,"column":51}},"6":{"start":{"line":22,"column":0},"end":{"line":22,"column":94}}},"fnMap":{"0":{"name":"signAccessToken","decl":{"start":{"line":6,"column":9},"end":{"line":6,"column":24}},"loc":{"start":{"line":6,"column":34},"end":{"line":8,"column":1}},"line":6},"1":{"name":"signRefreshToken","decl":{"start":{"line":10,"column":9},"end":{"line":10,"column":25}},"loc":{"start":{"line":10,"column":35},"end":{"line":12,"column":1}},"line":10},"2":{"name":"verifyAccessToken","decl":{"start":{"line":14,"column":9},"end":{"line":14,"column":26}},"loc":{"start":{"line":14,"column":34},"end":{"line":16,"column":1}},"line":14},"3":{"name":"verifyRefreshToken","decl":{"start":{"line":18,"column":9},"end":{"line":18,"column":27}},"loc":{"start":{"line":18,"column":35},"end":{"line":20,"column":1}},"line":18}},"branchMap":{},"s":{"0":2,"1":2,"2":0,"3":0,"4":0,"5":0,"6":2},"f":{"0":0,"1":0,"2":0,"3":0},"b":{},"_coverageSchema":"1a1c01bbd47fc00a2c39e90264f33305004495a9","hash":"b938badbc00f2e37eb8858c5a01eae465dde0aa5"}
}
