TN:
SF:src\controllers\auth.controller.js
FN:8,cookieOptions
FN:18,(anonymous_1)
FN:66,(anonymous_2)
FN:149,(anonymous_3)
FN:172,(anonymous_4)
FN:196,(anonymous_5)
FNF:6
FNH:6
FNDA:3,cookieOptions
FNDA:5,(anonymous_1)
FNDA:3,(anonymous_2)
FNDA:2,(anonymous_3)
FNDA:3,(anonymous_4)
FNDA:3,(anonymous_5)
DA:3,1
DA:4,1
DA:5,1
DA:6,1
DA:9,3
DA:18,1
DA:19,5
DA:20,5
DA:21,5
DA:23,5
DA:24,3
DA:25,3
DA:28,2
DA:29,2
DA:30,2
DA:31,1
DA:32,1
DA:35,1
DA:36,1
DA:37,1
DA:39,1
DA:40,1
DA:41,1
DA:43,1
DA:44,1
DA:45,1
DA:47,1
DA:48,1
DA:49,1
DA:51,1
DA:52,1
DA:61,1
DA:62,1
DA:63,1
DA:66,1
DA:67,3
DA:68,3
DA:69,3
DA:71,3
DA:72,2
DA:73,2
DA:76,1
DA:77,1
DA:78,1
DA:79,1
DA:80,1
DA:82,0
DA:83,0
DA:84,0
DA:85,0
DA:86,0
DA:87,0
DA:88,0
DA:89,0
DA:90,0
DA:91,0
DA:93,0
DA:95,0
DA:96,0
DA:97,0
DA:98,0
DA:99,0
DA:100,0
DA:101,0
DA:103,0
DA:105,0
DA:106,0
DA:107,0
DA:109,0
DA:110,0
DA:111,0
DA:112,0
DA:113,0
DA:114,0
DA:116,0
DA:117,0
DA:118,0
DA:120,0
DA:121,0
DA:126,0
DA:127,0
DA:128,0
DA:129,0
DA:130,0
DA:131,0
DA:132,0
DA:134,0
DA:139,0
DA:140,0
DA:141,0
DA:142,0
DA:143,0
DA:144,0
DA:145,0
DA:146,0
DA:149,1
DA:150,2
DA:151,2
DA:152,2
DA:154,2
DA:155,1
DA:156,1
DA:157,1
DA:158,1
DA:159,1
DA:160,1
DA:161,1
DA:165,2
DA:166,2
DA:167,2
DA:168,2
DA:169,2
DA:172,1
DA:173,3
DA:174,3
DA:175,1
DA:176,1
DA:179,2
DA:180,2
DA:181,1
DA:182,1
DA:185,1
DA:186,1
DA:196,1
DA:197,3
DA:198,3
DA:199,3
DA:201,3
DA:202,1
DA:203,1
DA:206,2
DA:207,2
DA:208,2
DA:209,1
DA:211,1
DA:212,1
DA:213,0
DA:214,0
DA:217,1
DA:218,0
DA:219,0
DA:221,1
DA:223,1
DA:224,1
DA:225,1
DA:227,1
DA:228,1
DA:229,1
DA:230,1
DA:232,1
DA:233,1
DA:237,1
LF:152
LH:99
BRDA:13,0,0,3
BRDA:13,0,1,3
BRDA:21,1,0,4
BRDA:21,1,1,1
BRDA:23,2,0,3
BRDA:23,2,1,2
BRDA:23,3,0,5
BRDA:23,3,1,4
BRDA:23,3,2,3
BRDA:30,4,0,1
BRDA:30,4,1,1
BRDA:69,5,0,2
BRDA:69,5,1,1
BRDA:71,6,0,2
BRDA:71,6,1,1
BRDA:71,7,0,3
BRDA:71,7,1,2
BRDA:78,8,0,1
BRDA:78,8,1,0
BRDA:89,9,0,0
BRDA:89,9,1,0
BRDA:151,10,0,2
BRDA:151,10,1,2
BRDA:152,11,0,1
BRDA:152,11,1,1
BRDA:154,12,0,1
BRDA:154,12,1,1
BRDA:157,13,0,1
BRDA:157,13,1,0
BRDA:174,14,0,1
BRDA:174,14,1,2
BRDA:180,15,0,1
BRDA:180,15,1,1
BRDA:198,16,0,3
BRDA:198,16,1,3
BRDA:199,17,0,2
BRDA:199,17,1,1
BRDA:201,18,0,1
BRDA:201,18,1,2
BRDA:212,19,0,0
BRDA:212,19,1,1
BRDA:217,20,0,0
BRDA:217,20,1,1
BRF:43
BRH:37
end_of_record
TN:
SF:src\controllers\sweets.controller.js
FN:6,(anonymous_0)
FN:14,(anonymous_1)
FN:36,(anonymous_2)
FN:99,(anonymous_3)
FN:131,(anonymous_4)
FN:177,(anonymous_5)
FN:208,(anonymous_6)
FN:259,(anonymous_7)
FN:310,(anonymous_8)
FN:347,(anonymous_9)
FNF:10
FNH:10
FNDA:3,(anonymous_0)
FNDA:2,(anonymous_1)
FNDA:7,(anonymous_2)
FNDA:2,(anonymous_3)
FNDA:3,(anonymous_4)
FNDA:3,(anonymous_5)
FNDA:4,(anonymous_6)
FNDA:4,(anonymous_7)
FNDA:4,(anonymous_8)
FNDA:4,(anonymous_9)
DA:3,1
DA:4,1
DA:6,1
DA:7,3
DA:8,3
DA:9,3
DA:10,3
DA:11,2
DA:14,2
DA:15,2
DA:24,2
DA:25,2
DA:28,2
DA:29,2
DA:31,1
DA:32,1
DA:36,1
DA:37,7
DA:38,7
DA:40,7
DA:41,7
DA:43,7
DA:44,4
DA:45,4
DA:49,3
DA:50,1
DA:51,1
DA:54,2
DA:55,2
DA:56,2
DA:57,2
DA:58,1
DA:59,1
DA:62,1
DA:63,1
DA:72,1
DA:73,1
DA:74,1
DA:75,1
DA:76,1
DA:77,1
DA:78,1
DA:80,1
DA:90,0
DA:91,0
DA:92,0
DA:93,0
DA:95,0
DA:99,1
DA:100,2
DA:101,2
DA:103,2
DA:104,2
DA:105,2
DA:106,1
DA:107,1
DA:110,1
DA:111,1
DA:112,1
DA:114,1
DA:123,1
DA:124,1
DA:126,0
DA:127,0
DA:131,1
DA:132,3
DA:133,3
DA:134,3
DA:135,3
DA:138,3
DA:139,1
DA:140,1
DA:143,2
DA:144,2
DA:145,2
DA:151,2
DA:152,1
DA:153,1
DA:156,1
DA:157,1
DA:158,1
DA:159,1
DA:160,1
DA:162,1
DA:172,0
DA:173,0
DA:177,1
DA:178,3
DA:179,3
DA:180,3
DA:183,3
DA:184,1
DA:185,1
DA:188,2
DA:189,2
DA:190,2
DA:192,2
DA:193,1
DA:194,1
DA:197,1
DA:198,1
DA:199,1
DA:201,1
DA:203,0
DA:204,0
DA:208,1
DA:209,4
DA:210,4
DA:211,4
DA:212,4
DA:214,4
DA:215,4
DA:216,1
DA:217,1
DA:220,3
DA:221,3
DA:222,3
DA:223,3
DA:224,1
DA:225,1
DA:228,2
DA:229,2
DA:230,2
DA:232,2
DA:233,1
DA:234,1
DA:237,1
DA:238,1
DA:240,1
DA:241,1
DA:242,1
DA:244,1
DA:254,0
DA:255,0
DA:259,1
DA:260,4
DA:261,4
DA:262,4
DA:263,4
DA:266,4
DA:267,1
DA:268,1
DA:271,3
DA:272,3
DA:273,1
DA:274,1
DA:277,2
DA:278,2
DA:279,2
DA:280,2
DA:281,1
DA:282,1
DA:285,1
DA:286,1
DA:288,1
DA:289,1
DA:291,1
DA:292,1
DA:293,1
DA:295,1
DA:305,0
DA:306,0
DA:310,1
DA:311,4
DA:312,4
DA:313,4
DA:315,4
DA:316,4
DA:318,4
DA:319,1
DA:323,1
DA:326,4
DA:327,1
DA:328,1
DA:331,4
DA:332,1
DA:333,1
DA:334,1
DA:335,1
DA:337,1
DA:338,1
DA:339,1
DA:343,4
DA:344,4
DA:345,4
DA:347,4
DA:348,4
DA:357,4
DA:358,4
DA:361,4
DA:362,4
DA:364,0
DA:365,0
DA:369,1
LF:194
LH:177
BRDA:21,0,0,2
BRDA:21,0,1,0
BRDA:22,1,0,2
BRDA:22,1,1,0
BRDA:38,2,0,7
BRDA:38,2,1,0
BRDA:41,3,0,1
BRDA:41,3,1,6
BRDA:41,4,0,1
BRDA:41,4,1,6
BRDA:43,5,0,4
BRDA:43,5,1,3
BRDA:43,6,0,7
BRDA:43,6,1,6
BRDA:43,6,2,5
BRDA:43,6,3,4
BRDA:49,7,0,1
BRDA:49,7,1,2
BRDA:57,8,0,1
BRDA:57,8,1,1
BRDA:65,9,0,1
BRDA:65,9,1,0
BRDA:68,10,0,1
BRDA:68,10,1,0
BRDA:91,11,0,0
BRDA:91,11,1,0
BRDA:105,12,0,1
BRDA:105,12,1,1
BRDA:120,13,0,1
BRDA:120,13,1,0
BRDA:121,14,0,1
BRDA:121,14,1,0
BRDA:135,15,0,3
BRDA:135,15,1,0
BRDA:138,16,0,1
BRDA:138,16,1,2
BRDA:151,17,0,1
BRDA:151,17,1,1
BRDA:180,18,0,3
BRDA:180,18,1,0
BRDA:183,19,0,1
BRDA:183,19,1,2
BRDA:192,20,0,1
BRDA:192,20,1,1
BRDA:212,21,0,4
BRDA:212,21,1,0
BRDA:215,22,0,1
BRDA:215,22,1,3
BRDA:215,23,0,4
BRDA:215,23,1,3
BRDA:223,24,0,1
BRDA:223,24,1,2
BRDA:232,25,0,1
BRDA:232,25,1,1
BRDA:263,26,0,4
BRDA:263,26,1,0
BRDA:266,27,0,1
BRDA:266,27,1,3
BRDA:272,28,0,1
BRDA:272,28,1,2
BRDA:272,29,0,3
BRDA:272,29,1,3
BRDA:280,30,0,1
BRDA:280,30,1,1
BRDA:318,31,0,1
BRDA:318,31,1,3
BRDA:326,32,0,1
BRDA:326,32,1,3
BRDA:331,33,0,1
BRDA:331,33,1,3
BRDA:331,34,0,4
BRDA:331,34,1,3
BRDA:333,35,0,1
BRDA:333,35,1,0
BRDA:337,36,0,1
BRDA:337,36,1,0
BRDA:354,37,0,4
BRDA:354,37,1,0
BRDA:355,38,0,4
BRDA:355,38,1,0
BRF:80
BRH:63
end_of_record
TN:
SF:src\lib\db.js
FN:8,connectDB
FNF:1
FNH:0
FNDA:0,connectDB
DA:3,0
DA:4,0
DA:6,0
DA:9,0
DA:10,0
DA:11,0
DA:14,0
DA:15,0
DA:16,0
DA:19,0
LF:10
LH:0
BRDA:9,0,0,0
BRDA:9,0,1,0
BRF:2
BRH:0
end_of_record
TN:
SF:src\lib\env.js
FNF:0
FNH:0
DA:3,3
DA:4,3
DA:5,3
DA:8,3
DA:9,3
DA:10,3
DA:12,0
DA:15,3
DA:29,3
LF:9
LH:8
BRDA:9,0,0,3
BRDA:9,0,1,0
BRDA:16,1,0,3
BRDA:16,1,1,0
BRDA:17,2,0,3
BRDA:17,2,1,0
BRDA:18,3,0,3
BRDA:18,3,1,0
BRDA:19,4,0,3
BRDA:19,4,1,0
BRDA:19,4,2,0
BRDA:20,5,0,3
BRDA:20,5,1,3
BRDA:21,6,0,3
BRDA:21,6,1,3
BRDA:22,7,0,3
BRDA:22,7,1,3
BRDA:23,8,0,3
BRDA:23,8,1,3
BRDA:24,9,0,3
BRDA:24,9,1,3
BRDA:25,10,0,3
BRDA:25,10,1,3
BRDA:26,11,0,3
BRDA:26,11,1,3
BRF:25
BRH:19
end_of_record
TN:
SF:src\middleware\auth.js
FN:5,auth
FN:6,(anonymous_1)
FNF:2
FNH:2
FNDA:15,auth
FNDA:15,(anonymous_1)
DA:3,1
DA:6,15
DA:7,15
DA:8,15
DA:9,15
DA:10,15
DA:12,15
DA:13,10
DA:14,10
DA:15,5
DA:16,1
DA:17,1
DA:19,4
DA:22,15
DA:23,4
DA:24,1
DA:25,1
DA:27,3
DA:28,3
DA:31,11
DA:32,11
DA:33,8
DA:34,8
DA:35,8
DA:37,3
DA:38,3
DA:43,1
LF:27
LH:27
BRDA:5,0,0,0
BRDA:12,1,0,10
BRDA:12,1,1,5
BRDA:12,2,0,15
BRDA:12,2,1,12
BRDA:15,3,0,1
BRDA:15,3,1,4
BRDA:15,4,0,5
BRDA:15,4,1,5
BRDA:22,5,0,4
BRDA:22,5,1,11
BRDA:23,6,0,1
BRDA:23,6,1,3
BRF:13
BRH:12
end_of_record
TN:
SF:src\models\Sweet.js
FNF:0
FNH:0
DA:3,1
DA:5,1
DA:18,1
LF:3
LH:3
BRF:0
BRH:0
end_of_record
TN:
SF:src\models\User.js
FN:17,(anonymous_0)
FN:24,(anonymous_1)
FNF:2
FNH:0
FNDA:0,(anonymous_0)
FNDA:0,(anonymous_1)
DA:3,1
DA:4,1
DA:6,1
DA:17,1
DA:18,0
DA:19,0
DA:20,0
DA:21,0
DA:24,1
DA:25,0
DA:28,1
LF:11
LH:6
BRDA:18,0,0,0
BRDA:18,0,1,0
BRF:2
BRH:0
end_of_record
TN:
SF:src\routes\auth.routes.js
FNF:0
FNH:0
DA:3,0
DA:4,0
DA:5,0
DA:7,0
DA:8,0
DA:9,0
DA:10,0
DA:11,0
DA:13,0
LF:9
LH:0
BRF:0
BRH:0
end_of_record
TN:
SF:src\routes\sweets.routes.js
FNF:0
FNH:0
DA:3,0
DA:4,0
DA:5,0
DA:7,0
DA:8,0
DA:9,0
DA:10,0
DA:11,0
DA:12,0
DA:13,0
DA:14,0
DA:16,0
LF:12
LH:0
BRF:0
BRH:0
end_of_record
TN:
SF:src\services\remote.service.js
FN:11,ping
FNF:1
FNH:0
FNDA:0,ping
DA:4,0
DA:6,0
DA:12,0
DA:13,0
DA:16,0
LF:5
LH:0
BRF:0
BRH:0
end_of_record
TN:
SF:src\utils\tokens.js
FN:6,signAccessToken
FN:10,signRefreshToken
FN:14,verifyAccessToken
FN:18,verifyRefreshToken
FNF:4
FNH:0
FNDA:0,signAccessToken
FNDA:0,signRefreshToken
FNDA:0,verifyAccessToken
FNDA:0,verifyRefreshToken
DA:3,2
DA:4,2
DA:7,0
DA:11,0
DA:15,0
DA:19,0
DA:22,2
LF:7
LH:3
BRF:0
BRH:0
end_of_record
